Arguments: 
  C:\Program Files\nodejs\node.exe C:\Users\Owner\AppData\Roaming\npm\node_modules\yarn\bin\yarn.js init

PATH: 
  C:\Users\Owner\bin;C:\Program Files\Git\mingw64\bin;C:\Program Files\Git\usr\local\bin;C:\Program Files\Git\usr\bin;C:\Program Files\Git\usr\bin;C:\Program Files\Git\mingw64\bin;C:\Program Files\Git\usr\bin;C:\Users\Owner\bin;C:\Python27;C:\Python27\Scripts;C:\Program Files\Eclipse Adoptium\jdk-11.0.19.7-hotspot\bin;C:\Program Files\Microsoft\jdk-11.0.18.10-hotspot\bin;C:\Program Files (x86)\Intel\iCLS Client;C:\Program Files\Intel\iCLS Client;C:\windows\system32;C:\windows;C:\windows\System32\Wbem;C:\windows\System32\WindowsPowerShell\v1.0;C:\Program Files (x86)\NVIDIA Corporation\PhysX\Common;C:\WINDOWS\system32;C:\WINDOWS;C:\WINDOWS\System32\Wbem;C:\WINDOWS\System32\WindowsPowerShell\v1.0;C:\WINDOWS\System32\OpenSSH;C:\Program Files (x86)\Intel\Intel(R) Management Engine Components\DAL;C:\Program Files\Intel\Intel(R) Management Engine Components\DAL;C:\Program Files\NVIDIA Corporation\NVIDIA NvDLISR;C:\Program Files\Git\cmd;C:\Users\Owner\AppData\Roaming\nvm;C:\Program Files\nodejs;C:\ProgramData\chocolatey\bin;C:\Program Files\nodejs;C:\Users\Owner\scoop\shims;C:\Users\Owner\AppData\Local\Microsoft\WindowsApps;C:\Users\Owner\AppData\Local\Programs\Microsoft VS Code\bin;C:\Users\Owner\AppData\Roaming\nvm;C:\Program Files\nodejs;C:\Users\Owner\AppData\Roaming\npm;C:\Users\Owner\AppData\Local\Android\Sdk\platform-tools;C:\Program Files\Git\usr\bin\vendor_perl;C:\Program Files\Git\usr\bin\core_perl

Yarn version: 
  1.22.19

Node version: 
  18.18.0

Platform: 
  win32 x64

Trace: 
  Error: canceled
      at Interface.<anonymous> (C:\Users\Owner\AppData\Roaming\npm\node_modules\yarn\lib\cli.js:137150:13)
      at Interface.emit (node:events:517:28)
      at [_ttyWrite] [as _ttyWrite] (node:internal/readline/interface:1132:18)
      at ReadStream.onkeypress (node:internal/readline/interface:271:20)
      at ReadStream.emit (node:events:517:28)
      at emitKeys (node:internal/readline/utils:357:14)
      at emitKeys.next (<anonymous>)
      at ReadStream.onData (node:internal/readline/emitKeypressEvents:64:36)
      at ReadStream.emit (node:events:517:28)
      at addChunk (node:internal/streams/readable:335:12)

npm manifest: 
  {
    "name": "wanted-pre-onboarding-fe-practices-3",
    "private": true,
    "version": "0.0.0",
    "type": "module",
    "scripts": {
      "init": "cd client && yarn && cd ../server && yarn",
      "client": "cd client && yarn dev",
      "server": "cd server && yarn start"
    }
  }

yarn manifest: 
  No manifest

Lockfile: 
  No lockfile
